20230712	00:21:13	a391c043-2c62-434c-9dad-8b4da63ae626	undefined	/	 undefined
20230712	00:21:35	b6d69b88-c789-49d5-8ef9-07cc276b717c	undefined	/	 undefined
20230712	00:21:49	82b00095-f6c5-4a79-914d-8fcb618efe95	undefined	/test	 undefined
20230712	00:42:43	458ff2a3-782e-4f81-84c2-82b345e84d1c	undefined	/	 undefined
20230712	00:45:46	0cf23272-36cb-4927-b9a7-4eb012473ada	undefined	/	 undefined
20230712	00:47:48	063c9974-f9b9-465e-841c-68eb108b8ca6	undefined	/tes	 undefined
20230712	09:22:23	4f04f3c2-4c09-45bb-94f1-b23afd9ef877	undefined	/notes	 undefined
20230712	09:22:41	36a4da09-6d4d-4ee8-a066-9f311674c10c	undefined	/notes	 undefined
20230712	09:23:54	d9688afd-0777-47ac-a5be-40d4b1e67ad8	undefined	/notes	 undefined
20230712	09:31:35	9770f930-0b95-4e99-ac9d-4af82c85e7d3	undefined	/notes	 undefined
20230712	09:32:34	00ef097b-7bf6-49e0-9d92-8af55cbb591a	undefined	/notes	 undefined
20230712	09:33:20	c2fc545f-3abe-4480-ac81-f27234075edd	undefined	/notes	 undefined
20230712	09:33:49	27ad64bc-c590-4262-a5cd-7bb043db60a2	undefined	/notes	 undefined
20230712	09:34:27	3d6ab2c3-654f-4707-893d-312293707f0c	undefined	/notes	 undefined
20230712	09:34:36	f89d37e1-f2e5-4a14-bfd6-e0f6f5ac6614	undefined	/notes	 undefined
20230712	09:39:51	a63e730a-51fb-47a9-a16c-420fc797caf8	undefined	/notes	 undefined
20230712	09:40:37	386bfb0d-be23-471b-adf1-30d48bab6376	undefined	/notes	 undefined
20230712	09:40:46	23321d29-0bb0-44d1-803b-4e76869e3795	undefined	/notes	 undefined
20230712	09:41:19	4b576cdc-92f5-4491-a4bd-b8f6d8a69b74	undefined	/notes	 undefined
20230712	09:41:29	8af6ad9a-db15-4072-9773-717720e80b86	undefined	/notes	 undefined
20230712	09:42:13	95609c4c-3c4f-4ac3-b4e1-532d4cc019a6	undefined	/notes	 undefined
20230712	09:42:20	9c05a06d-a449-47a1-bae8-975d146278a4	undefined	/notes	 undefined
20230712	09:43:52	9e2e2560-bccf-4b2c-9337-1fd84c824bed	undefined	/notes/64ae5955708eb920905278ac	 undefined
20230712	09:44:02	5e520bf9-8790-4eb9-ae6b-022eb2f17037	undefined	/notes/	 undefined
20230712	09:45:02	90707434-cbdf-4460-beb3-57ad47374325	undefined	/notes	 undefined
20230712	09:45:11	24bd8183-8dc0-4f02-8033-e2d8d4e15b65	undefined	/notes/64ae5955708eb920905278ac	 undefined
20230712	09:45:34	d448da1d-0c6c-481f-8919-ebae78c86f8b	undefined	/notes/64ae58f5708eb920905278a5	 undefined
20230712	09:45:45	e536dccd-4dfd-4148-aa14-3dbf2f9115bd	undefined	/notes/64ae5955708eb920905278ac	 undefined
20230712	09:48:00	f079a22b-7078-4e2d-ba24-47352dbfc040	undefined	/notes/64ae591f708eb920905278a9	 undefined
20230712	09:48:10	41cc7ecf-3862-4eb7-b275-c2bb5d22d801	undefined	/notes	 undefined
20230712	10:02:03	647d0eca-0819-4b37-8012-7ac25d55a456	undefined	/notes/64ae591f708eb920905278a9	 undefined
20230712	10:02:33	e74810e7-26a4-4944-981c-e9b95acacc2c	undefined	/notes/64ae591f708eb920905278a9	 undefined
20230712	10:04:36	7a5e8fb4-da1c-487d-bf91-9e701ce419f4	undefined	/notes/64ae591f708eb920905278a9	 undefined
20230712	10:05:06	245dce29-8b68-49e2-8923-a01bf4de9a85	undefined	/notes/64ae591f708eb920905278a9	 undefined
20230712	10:13:31	7e154124-6f49-46b3-b6f1-e3827f1c9911	undefined	/notes/64ae591f708eb920905278a9	 undefined
20230712	10:13:54	fd5efac4-062a-45d0-8116-f7e51704ba45	undefined	/notes	 undefined
20230712	10:14:53	03280200-1565-4d56-9a2d-a303b5ccc2de	undefined	/notes/64ae591f708eb920905278a9	 undefined
20230712	10:15:28	4f2a24bf-d77d-4731-8bef-e4430b7d5ec8	undefined	/notes/64ae591f708eb920905278a9	 undefined
20230712	10:15:39	d6df9468-f641-43ac-9295-f5dd424da048	undefined	/notes/64ae591f708eb920905278a9	 undefined
20230712	10:16:39	8f527b82-ca26-4db8-868e-dca237764ff6	undefined	/notes/64ae58f5708eb920905278a5	 undefined
20230712	10:17:10	a4454a72-a445-433c-afe4-43a3be6b6ce5	undefined	/notes/64ae58f5708eb920905278a4	 undefined
20230712	10:17:41	5c587a5f-565e-40fc-883b-92a499051c10	undefined	/notes/64ae58f5708eb920905278a5	 undefined
20230712	10:18:12	e534c066-d28c-4be3-8559-741aa36d2a32	undefined	/notes	 undefined
20230712	10:18:55	0325d878-cb85-4129-bbbc-30f6c2299fe6	undefined	/notes/64ae5740db55ac69acc7f48a	 undefined
20230712	10:19:01	47c23a70-194f-4d78-a502-d9c7393ae286	undefined	/notes/64ae5740db55ac69acc7f48a	 undefined
20230712	10:19:43	b1c53c3c-845d-4535-8c98-ea1ec1f3ed41	undefined	/notes/64ae5740db55ac69acc7f48a	 undefined
20230712	10:20:15	2506a97c-5f19-4aa7-a442-1ddeaadd703b	undefined	/notes	 undefined
20230712	10:20:32	e8ae54b2-5b67-40ea-b221-75ae31c54970	undefined	/notes	 undefined
20230712	10:20:36	8fcfa0d6-c255-48d5-815b-9f7c2b9d38e3	undefined	/notes	 undefined
20230712	10:20:48	4e732215-88b6-42d3-bed9-bfccaa215781	undefined	/notes/64ae625015c453cdf71389be	 undefined
20230712	10:20:58	324ddb38-5f56-4d7a-8845-dcb3ea5ce7c4	undefined	/notes/64ae625015c453cdf71389ba	 undefined
20230712	10:22:03	ab883426-e745-4f63-8140-35d4caf80b56	undefined	/notes/64ae625015c453cdf71389ba	 undefined
20230712	10:24:04	4413f4b4-1213-4cc8-b08a-1eb5c9ecdbf3	undefined	/notes	 undefined
20230712	10:24:15	042612e5-3339-44d7-b8bc-39d301a3f88f	undefined	/notes/64ae623f15c453cdf71389bc	 undefined
20230712	10:24:25	a8d9b6c4-280e-49b8-89f6-1945f87bade7	undefined	/notes/64ae623f15c453cdf71389bc	 undefined
20230712	10:25:01	ebba641a-35e0-411e-b2e9-1523b1167c5b	undefined	/notes/64ae623f15c453cdf71389bc	 undefined
20230712	10:26:58	c0fdbd9d-6562-40a8-8298-7fd3c82e52c7	undefined	/notes/64ae623f15c453cdf71389bc	 undefined
20230712	10:27:15	c13743a9-9355-447e-9b28-d9dda52411c7	undefined	/notes	 undefined
20230712	10:27:27	5c8781bd-d4b2-46c7-9534-659f178335f2	undefined	/notes/64ae623f15c453cdf71389bc	 undefined
20230712	10:28:20	b45dbcc0-b35f-41fe-9bda-1b3b5e25e0cb	undefined	/notes/64ae623f15c453cdf71389bc	 undefined
20230712	10:28:24	3cfc5556-a435-456c-b67f-dd4a668ae623	undefined	/notes/64ae623f15c453cdf71389bc	 undefined
20230712	10:28:48	8dcb9641-358c-4738-9669-247c74b89163	undefined	/notes/64ae623f15c453cdf71389bc	 undefined
20230712	10:29:07	148c00ca-932a-4a74-a111-9057c6351111	undefined	/notes	 undefined
20230712	10:29:18	1bff3e44-4543-4630-bbf1-cc970119ccad	undefined	/notes/64ae64532267974ee0fd289f	 undefined
20230712	10:42:22	12ae9b49-3e5d-4c57-8685-079dd0ebd871	undefined	/notes	 undefined
20230712	10:42:30	a40d4f15-08fc-4f91-9b0f-cf7005203206	undefined	/notes/64ae54afcd83d15e074255d2	 undefined
20230712	10:42:41	bd74fc75-f222-4fa9-bd17-2c63e532df7f	undefined	/notes/64ae591f708eb920905278a9	 undefined
20230712	10:42:53	703c7b08-1c27-447a-bfb4-efc1e3aee77d	undefined	/notes/64ae5955708eb920905278ac	 undefined
20230712	10:42:57	ea37716c-53c6-4d66-a690-f328e1fa4211	undefined	/notes	 undefined
20230712	10:43:45	ce52c7ce-4385-43e6-8fb9-7f53e6aa3a4c	undefined	/notes	 undefined
20230712	10:45:17	4a55ed69-5178-4a0a-aa8b-8fdabab973b4	undefined	/notes	 undefined
20230712	10:45:38	bdc3df1f-30be-4aea-a7b6-3cbcc5380bb6	undefined	/notes	 undefined
20230712	10:45:49	f105786f-62a7-4b0c-8608-fae41435b904	undefined	/notes	 undefined
20230712	10:46:17	4b12127c-e343-4978-8651-3769cc76523e	undefined	/notes	 undefined
20230712	10:48:03	3bf102f5-59bb-4186-99b9-e0ef2e0e0def	undefined	/notes	 undefined
20230712	10:49:56	954d570e-125e-4a83-b186-4a1af124750b	undefined	/notes	 undefined
20230712	10:50:02	92be6b5f-34fe-4bfd-b769-7bf0da3710c4	undefined	/notes	 undefined
20230712	10:50:36	a75f1c10-9d41-4d4b-af3f-569cff6ec8d5	undefined	/notes	 undefined
20230712	10:51:18	22f40933-43b9-415c-aaff-dc09aabd1e53	undefined	/notes	 undefined
20230712	10:51:27	c22d12a0-b5f0-4bee-bb5d-ab78e8f3de75	undefined	/notes	 undefined
20230712	10:51:42	79251e79-7c64-4313-86b2-3298ad60819a	undefined	/notes	 undefined
20230712	10:51:54	8b89a393-442b-4f1c-8d5a-db90bf4e4f80	undefined	/notes	 undefined
20230712	10:52:05	dc346b0c-99d9-4f52-a98c-6fa0420557be	undefined	/notes	 undefined
20230712	10:54:20	6276fc8e-f1c1-41de-ae72-d4c55ed2439f	undefined	/notes	 undefined
20230712	10:54:39	70285d41-dd8c-416f-a65d-4f178a4ba569	undefined	/notes	 undefined
20230712	10:55:07	268b16bd-5e3d-4367-9d67-bf2dc6da36fe	undefined	/notes	 undefined
20230712	10:55:21	4d4e04be-978e-4238-ab77-e6c9a69a7c9a	undefined	/notes	 undefined
20230712	10:55:26	a8233b55-66a3-4772-918a-0ef7575a70d2	undefined	/notes	 undefined
20230712	10:55:38	200c8c98-bdbd-4359-9552-6e814b494369	undefined	/notes	 undefined
20230712	10:56:03	db78b686-8dc7-47c6-93e5-dbd356481af5	undefined	/notes	 undefined
20230712	10:56:32	4a9dfc93-2e19-4473-8a18-c5cc8abbe8c7	undefined	/notes	 undefined
20230712	10:57:40	ba33f766-192c-41b4-a320-f2cf3d743700	undefined	/notes	 undefined
20230712	11:03:20	03808b89-8f14-444f-a4a1-37908556db3e	undefined	/notes	 undefined
20230712	11:03:50	05a834a2-7e3f-49e9-b8ed-5368144bd466	undefined	/notes	 undefined
20230712	11:04:00	60b0fb1a-275a-4cf2-8e02-d1130d85fc25	undefined	/notes	 undefined
20230712	11:04:04	ebe558e1-5ab9-4fc7-ba43-8d7442c636f8	undefined	/notes	 undefined
20230712	11:04:20	2bea2f56-1d90-409e-a3aa-14429c9b7a89	undefined	/notes/64ae6c587ff454bfbe295abf	 undefined
20230712	11:04:42	1181574e-746c-4390-aee1-200493784f56	undefined	/notes/64ae6c587ff454bfbe295abf	 undefined
20230712	11:04:53	62cb48fb-8919-46c0-ac90-b679daeb17a4	undefined	/notes	 undefined
20230712	11:05:51	a744cd35-d1d5-4887-830c-b0ed2d905da5	undefined	/notes/64ae6c587ff454bfbe295abf	 undefined
20230712	11:06:14	f8c14e93-b94c-43fa-b4e2-8e6c7277424e	undefined	/notes	 undefined
20230712	11:06:41	c97f44f5-7a5b-4c73-a794-7af318f2186b	undefined	/notes/64ae6c587ff454bfbe295abf	 undefined
20230712	11:06:55	1b545c8a-ecc2-48fd-acc6-f5ffc1697eaf	undefined	/notes/64ae6c587ff454bfbe295abf	 undefined
20230712	11:06:59	e0471be8-9290-4ec5-b9d7-61761a592eee	undefined	/notes	 undefined
20230712	11:08:49	bc8e81fe-87eb-4962-b3fb-9ed7f79c1775	undefined	/notes/64ae6c587ff454bfbe295abf	 undefined
20230712	11:09:08	a3db6b13-e6e3-49ff-8292-d0eac8492857	undefined	/notes/64ae6c587ff454bfbe295abf	 undefined
20230712	11:09:22	4b368f03-fb93-4a66-be88-3260080ee509	undefined	/notes/64ae6c587ff454bfbe295abf	 undefined
20230712	11:09:44	fbf0588c-bddb-4017-828d-f7157201190c	undefined	/notes	 undefined
20230712	11:10:16	3711f440-eeea-407d-8ce5-1e2649631377	undefined	/notes/64ae6c767ff454bfbe295ac1	 undefined
20230712	11:11:40	d75c0a0a-7414-4e3d-9b9f-bc5ceaeb108f	undefined	/notes/64ae6c767ff454bfbe295ac1	 undefined
20230712	11:11:58	b6ae9f77-f707-4165-b82f-32edb444137e	undefined	/notes/64ae6c767ff454bfbe295ac1	 undefined
20230712	11:12:13	4f3ff709-114c-4c70-b7b1-9636e260073f	undefined	/notes/64ae6c767ff454bfbe295ac1	 undefined
20230712	11:12:22	8070a17c-e80b-4ee7-b464-1369abf1c4b5	undefined	/notes	 undefined
20230712	11:12:33	d5c3bc33-a1b0-4fe7-b6d2-d00762324bfc	undefined	/notes/64ae6c767ff454bfbe295ac1	 undefined
20230712	11:20:55	c4ef618c-fb00-4114-8f31-33582d3eec46	undefined	/notes/64ae6c767ff454bfbe295ac1	 undefined
20230712	11:21:52	74649814-103a-486f-a8e1-1d6609a408ae	undefined	/notes	 undefined
20230712	11:22:30	7cbd7c1b-d712-4d73-b0f7-9feb93d6061b	undefined	/notes/64ae70b0b4d77ab8dcb03b12	 undefined
20230712	11:22:47	608fcb9c-73ff-499c-97e5-c066552cffce	undefined	/notes	 undefined
20230712	11:23:02	0eaa0830-37d7-4755-a24c-1eed84485452	undefined	/notes/64ae6c767ff454bfbe295ac1	 undefined
20230712	11:23:57	f408c95d-13de-4b8a-8322-f3db26ea9eea	undefined	/notes/64ae70b0b4d77ab8dcb03b12	 undefined
20230712	11:24:21	5ccecf46-fba0-4673-8546-0735290356db	undefined	/notes/64ae70b0b4d77ab8dcb03b12	 undefined
20230712	11:25:13	9f2951ef-4d29-4b31-8303-3a69dc2cb408	undefined	/notes/64ae70b0b4d77ab8dcb03b12	 undefined
20230712	11:25:22	2dceffb8-6f1d-4149-895c-c5f81e10b232	undefined	/notes/64ae70b0b4d77ab8dcb03b12	 undefined
20230712	11:26:08	b4336c0f-4f79-4d58-975f-4967f0e70d53	undefined	/notes/64ae70b0b4d77ab8dcb03b12	 undefined
20230712	11:26:25	1ec90717-43ab-4de4-9095-f1b14444701f	undefined	/notes/64ae70b0b4d77ab8dcb03b12	 undefined
20230712	11:26:38	06668432-4ac5-49b5-9915-6dbf30c0fb4c	undefined	/notes/64ae70b0b4d77ab8dcb03b12	 undefined
20230712	11:26:51	33eba347-6d90-42f7-8a35-c85d35748342	undefined	/notes/64ae70b0b4d77ab8dcb03b12	 undefined
20230712	11:27:35	43a45536-2206-4e70-a059-9350731e766a	undefined	/notes/64ae70b0b4d77ab8dcb03b12	 undefined
20230712	11:28:30	d2b72789-a0b7-4e79-bacb-dcf182b572f6	undefined	/notes/64ae70b0b4d77ab8dcb03b12	 undefined
20230712	11:29:08	3a52ee13-487e-429d-b4cf-c5eb1b8018af	undefined	/notes/64ae70b0b4d77ab8dcb03b12	 undefined
20230712	11:31:18	bbeaa8d5-9044-4dfa-8985-42de17bc7c24	undefined	/notes/64ae70b0b4d77ab8dcb03b13	 undefined
20230712	11:32:19	03ffbd6e-8dd5-4c0d-ad91-7343baf6bff7	undefined	/notes/64ae70b0b4d77ab8dcb03b12	 undefined
20230712	11:33:11	d08e1e67-edc7-48ce-8777-60644039677e	undefined	/notes	 undefined
20230712	11:35:30	5065c486-478d-43ce-8a20-ca7e35f8ffa3	undefined	/notes	 undefined
20230712	11:35:46	4084c67f-166a-4b2c-9fb0-1f68721b2c47	undefined	/notes	 undefined
20230712	11:38:19	d9681a82-025c-43ae-8c21-13efd3c1bf64	undefined	/notes	 undefined
20230712	11:38:37	fc77953b-2e36-4101-a8fa-b3b5d1dc4d46	undefined	/notes	 undefined
20230712	11:39:51	c4c371da-bf48-42ab-8b56-8a99e0f9a54b	undefined	/notes	 undefined
20230712	11:40:51	a2243e53-c7f8-4076-b004-ed9db604d77f	undefined	/notes	 undefined
20230712	11:41:47	b01dc757-ecdb-45a8-b650-3a5096c5b913	undefined	/notes	 undefined
20230712	13:16:09	4616d3b2-4f64-44bc-bc50-d5ba8b93baa9	undefined	/users	 undefined
20230712	13:16:22	c92ef0f9-aa4e-47de-8c54-f89583cb8f82	undefined	/users	 undefined
20230712	13:16:36	ab1ebe28-c169-46de-8852-f648dbdada45	undefined	/users	 undefined
20230712	13:17:43	e89177e4-5376-4992-bcc9-1949c231ffb9	undefined	/users	 undefined
20230712	13:17:52	7fac15ac-97e9-436a-9c09-e7f4cfc0b425	undefined	/users	 undefined
20230712	13:18:12	3a89a366-508b-4e11-ad98-55c3acb7de69	undefined	/users	 undefined
20230712	13:18:25	1c336942-d578-454e-a3e8-f71fc16cf39b	undefined	/users	 undefined
20230712	13:18:39	a5fc025c-291c-4c2a-bdf7-3f7648d15b28	undefined	/users	 undefined
20230712	13:19:11	ccaf9c80-42bf-42a6-8fdb-85572207a7b9	undefined	/users	 undefined
20230712	13:19:50	a152f20a-a746-42cd-b161-6c392e431ad0	undefined	/users	 undefined
20230712	13:20:40	9d7fba0a-4181-4be7-a203-464444267bef	undefined	/users	 undefined
20230712	13:22:38	4da7c2f8-fe52-4c44-a469-c0a46410bb90	undefined	/users	 undefined
20230712	13:22:53	e2ea43e8-e7cd-42f0-ab95-9a25b7c53453	undefined	/users	 undefined
20230712	13:23:07	06524424-bd2f-4f3b-8d0b-a3d516b470d8	undefined	/users/	 undefined
20230712	13:23:17	ff033627-6f2f-4fc8-8476-a629ef1a73cc	undefined	/users/64ae8b86e41274c70543917f	 undefined
20230712	13:23:29	43698d6a-6046-48f7-a478-83ffa42e065c	undefined	/users/64ae8b86e41274c70543917f	 undefined
20230712	13:23:37	0f4b6eb6-dafa-49db-be33-e690ed5c5319	undefined	/users/64ae8b86e41274c70543917f	 undefined
20230712	13:23:47	4e42fbda-969c-4461-b85a-f123d65dc233	undefined	/users/64ae8b86e41274c70543917f	 undefined
20230712	13:24:18	d456a40d-68c2-429e-8dc9-0944652923dc	undefined	/users	 undefined
20230712	13:25:02	5bf13285-5403-44e8-a764-f7ba88482351	undefined	/users	 undefined
20230712	13:25:11	cb638453-5e6b-451c-bec4-27a4b17100a7	undefined	/users	 undefined
20230712	13:25:58	c7339266-8824-4f2b-b8ea-6164ec8422e5	undefined	/users	 undefined
20230712	13:26:08	15f748f8-b6f7-4ddf-839a-cfe2244aaff5	undefined	/users/64ae8d62e415f3c270e25a05	 undefined
20230712	13:26:18	a49ff8e8-b474-4690-ae27-41932c2120b0	undefined	/users	 undefined
20230712	13:28:14	0d5265c2-50e8-446b-9a49-4834f4b42a5e	undefined	/users	 undefined
